[2025-11-29 11:52:07] [ERROR] Cannot initialize Google Auth: credentials not found
[2025-11-29 11:52:07] [ERROR] Google Auth is not properly configured
[2025-11-29 11:52:07] [ERROR] Cannot initialize Google Auth: credentials not found
[2025-11-29 11:52:07] [ERROR] Google Auth is not properly configured
[2025-11-29 11:52:07] [ERROR] Cannot initialize Google Auth: credentials not found
[2025-11-29 11:52:07] [ERROR] Google Auth is not properly configured
[2025-11-29 11:52:07] [ERROR] Cannot initialize Google Auth: credentials not found
[2025-11-29 11:52:07] [ERROR] Google Auth is not properly configured
[2025-11-29 11:54:08] [ERROR] Cannot initialize Google Auth: credentials not found
[2025-11-29 11:54:08] [ERROR] Google Auth is not properly configured
[2025-11-29 11:54:08] [ERROR] Cannot initialize Google Auth: credentials not found
[2025-11-29 11:54:08] [ERROR] Google Auth is not properly configured
[2025-11-29 11:56:09] [ERROR] Cannot initialize Google Auth: credentials not found
[2025-11-29 11:56:09] [ERROR] Google Auth is not properly configured
[2025-11-29 11:56:09] [ERROR] Cannot initialize Google Auth: credentials not found
[2025-11-29 11:56:09] [ERROR] Google Auth is not properly configured
[2025-11-29 11:56:09] [ERROR] Cannot initialize Google Auth: credentials not found
[2025-11-29 11:56:09] [ERROR] Google Auth is not properly configured
[2025-11-29 11:56:09] [ERROR] Cannot initialize Google Auth: credentials not found
[2025-11-29 11:56:09] [ERROR] Google Auth is not properly configured
[2025-11-29 11:56:09] [INFO] Refreshing coupons cache from Google Sheets
[2025-11-29 11:56:09] [ERROR] Failed to create JWT token
[2025-11-29 11:56:09] [ERROR] Cannot read sheet: no access token
[2025-11-29 11:56:09] [ERROR] Failed to refresh coupons: API read failed
[2025-11-29 11:58:10] [ERROR] Cannot initialize Google Auth: credentials not found
[2025-11-29 11:58:10] [ERROR] Google Auth is not properly configured
[2025-11-29 11:58:10] [ERROR] Cannot initialize Google Auth: credentials not found
[2025-11-29 11:58:10] [ERROR] Google Auth is not properly configured
[2025-11-29 12:00:11] [ERROR] Cannot initialize Google Auth: credentials not found
[2025-11-29 12:00:11] [ERROR] Google Auth is not properly configured
[2025-11-29 12:00:11] [ERROR] Cannot initialize Google Auth: credentials not found
[2025-11-29 12:00:11] [ERROR] Google Auth is not properly configured
[2025-11-29 12:00:11] [ERROR] Cannot initialize Google Auth: credentials not found
[2025-11-29 12:00:11] [ERROR] Google Auth is not properly configured
[2025-11-29 12:00:11] [ERROR] Cannot initialize Google Auth: credentials not found
[2025-11-29 12:00:11] [ERROR] Google Auth is not properly configured
[2025-11-29 12:00:11] [INFO] Refreshing coupons cache from Google Sheets
[2025-11-29 12:00:11] [ERROR] Failed to create JWT token
[2025-11-29 12:00:11] [ERROR] Cannot read sheet: no access token
[2025-11-29 12:00:11] [ERROR] Failed to refresh coupons: API read failed
[2025-11-29 12:02:12] [ERROR] Cannot initialize Google Auth: credentials not found
[2025-11-29 12:02:12] [ERROR] Google Auth is not properly configured
[2025-11-29 12:02:12] [ERROR] Cannot initialize Google Auth: credentials not found
[2025-11-29 12:02:12] [ERROR] Google Auth is not properly configured
[2025-11-29 12:04:13] [ERROR] Cannot initialize Google Auth: credentials not found
[2025-11-29 12:04:13] [ERROR] Google Auth is not properly configured
[2025-11-29 12:04:13] [ERROR] Cannot initialize Google Auth: credentials not found
[2025-11-29 12:04:13] [ERROR] Google Auth is not properly configured
[2025-11-29 12:06:14] [ERROR] Cannot initialize Google Auth: credentials not found
[2025-11-29 12:06:14] [ERROR] Google Auth is not properly configured
[2025-11-29 12:06:14] [ERROR] Cannot initialize Google Auth: credentials not found
[2025-11-29 12:06:14] [ERROR] Google Auth is not properly configured
[2025-11-29 12:06:14] [ERROR] Cannot initialize Google Auth: credentials not found
[2025-11-29 12:06:14] [ERROR] Google Auth is not properly configured
[2025-11-29 12:06:14] [ERROR] Cannot initialize Google Auth: credentials not found
[2025-11-29 12:06:14] [ERROR] Google Auth is not properly configured
[2025-11-29 12:06:14] [INFO] Refreshing coupons cache from Google Sheets
[2025-11-29 12:06:14] [ERROR] Failed to create JWT token
[2025-11-29 12:06:14] [ERROR] Cannot read sheet: no access token
[2025-11-29 12:06:14] [ERROR] Failed to refresh coupons: API read failed
[2025-11-29 12:08:15] [ERROR] Cannot initialize Google Auth: credentials not found
[2025-11-29 12:08:15] [ERROR] Google Auth is not properly configured
[2025-11-29 12:08:15] [ERROR] Cannot initialize Google Auth: credentials not found
[2025-11-29 12:08:15] [ERROR] Google Auth is not properly configured
[2025-11-29 12:10:16] [ERROR] Cannot initialize Google Auth: credentials not found
[2025-11-29 12:10:16] [ERROR] Google Auth is not properly configured
[2025-11-29 12:10:16] [ERROR] Cannot initialize Google Auth: credentials not found
[2025-11-29 12:10:16] [ERROR] Google Auth is not properly configured
[2025-11-29 12:10:16] [ERROR] Cannot initialize Google Auth: credentials not found
[2025-11-29 12:10:16] [ERROR] Google Auth is not properly configured
[2025-11-29 12:10:16] [ERROR] Cannot initialize Google Auth: credentials not found
[2025-11-29 12:10:16] [ERROR] Google Auth is not properly configured
[2025-11-29 12:10:16] [INFO] Refreshing coupons cache from Google Sheets
[2025-11-29 12:10:16] [ERROR] Failed to create JWT token
[2025-11-29 12:10:16] [ERROR] Cannot read sheet: no access token
[2025-11-29 12:10:16] [ERROR] Failed to refresh coupons: API read failed
[2025-11-29 12:12:17] [ERROR] Cannot initialize Google Auth: credentials not found
[2025-11-29 12:12:17] [ERROR] Google Auth is not properly configured
[2025-11-29 12:12:17] [ERROR] Cannot initialize Google Auth: credentials not found
[2025-11-29 12:12:17] [ERROR] Google Auth is not properly configured
[2025-11-29 12:14:18] [ERROR] Cannot initialize Google Auth: credentials not found
[2025-11-29 12:14:18] [ERROR] Google Auth is not properly configured
[2025-11-29 12:14:18] [ERROR] Cannot initialize Google Auth: credentials not found
[2025-11-29 12:14:18] [ERROR] Google Auth is not properly configured
[2025-11-29 12:14:18] [ERROR] Cannot initialize Google Auth: credentials not found
[2025-11-29 12:14:18] [ERROR] Google Auth is not properly configured
[2025-11-29 12:14:18] [ERROR] Cannot initialize Google Auth: credentials not found
[2025-11-29 12:14:18] [ERROR] Google Auth is not properly configured
[2025-11-29 12:14:18] [INFO] Refreshing coupons cache from Google Sheets
[2025-11-29 12:14:18] [ERROR] Failed to create JWT token
[2025-11-29 12:14:18] [ERROR] Cannot read sheet: no access token
[2025-11-29 12:14:18] [ERROR] Failed to refresh coupons: API read failed
[2025-11-29 12:16:19] [ERROR] Cannot initialize Google Auth: credentials not found
[2025-11-29 12:16:19] [ERROR] Google Auth is not properly configured
[2025-11-29 12:16:19] [ERROR] Cannot initialize Google Auth: credentials not found
[2025-11-29 12:16:19] [ERROR] Google Auth is not properly configured
[2025-11-29 12:18:20] [ERROR] Cannot initialize Google Auth: credentials not found
[2025-11-29 12:18:20] [ERROR] Google Auth is not properly configured
[2025-11-29 12:18:20] [ERROR] Cannot initialize Google Auth: credentials not found
[2025-11-29 12:18:20] [ERROR] Google Auth is not properly configured
[2025-11-29 12:20:21] [ERROR] Cannot initialize Google Auth: credentials not found
[2025-11-29 12:20:21] [ERROR] Google Auth is not properly configured
[2025-11-29 12:20:21] [ERROR] Cannot initialize Google Auth: credentials not found
[2025-11-29 12:20:21] [ERROR] Google Auth is not properly configured
[2025-11-29 12:20:21] [ERROR] Cannot initialize Google Auth: credentials not found
[2025-11-29 12:20:21] [ERROR] Google Auth is not properly configured
[2025-11-29 12:20:21] [ERROR] Cannot initialize Google Auth: credentials not found
[2025-11-29 12:20:21] [ERROR] Google Auth is not properly configured
[2025-11-29 12:20:21] [INFO] Refreshing coupons cache from Google Sheets
[2025-11-29 12:20:21] [ERROR] Failed to create JWT token
[2025-11-29 12:20:21] [ERROR] Cannot read sheet: no access token
[2025-11-29 12:20:21] [ERROR] Failed to refresh coupons: API read failed
[2025-11-29 12:22:22] [ERROR] Cannot initialize Google Auth: credentials not found
[2025-11-29 12:22:22] [ERROR] Google Auth is not properly configured
[2025-11-29 12:22:22] [ERROR] Cannot initialize Google Auth: credentials not found
[2025-11-29 12:22:22] [ERROR] Google Auth is not properly configured
[2025-11-29 12:24:23] [ERROR] Cannot initialize Google Auth: credentials not found
[2025-11-29 12:24:23] [ERROR] Google Auth is not properly configured
[2025-11-29 12:24:23] [ERROR] Cannot initialize Google Auth: credentials not found
[2025-11-29 12:24:23] [ERROR] Google Auth is not properly configured
[2025-11-29 12:24:23] [ERROR] Cannot initialize Google Auth: credentials not found
[2025-11-29 12:24:23] [ERROR] Google Auth is not properly configured
[2025-11-29 12:24:23] [ERROR] Cannot initialize Google Auth: credentials not found
[2025-11-29 12:24:23] [ERROR] Google Auth is not properly configured
[2025-11-29 12:24:23] [INFO] Refreshing coupons cache from Google Sheets
[2025-11-29 12:24:23] [ERROR] Failed to create JWT token
[2025-11-29 12:24:23] [ERROR] Cannot read sheet: no access token
[2025-11-29 12:24:23] [ERROR] Failed to refresh coupons: API read failed
[2025-11-29 12:26:24] [ERROR] Cannot initialize Google Auth: credentials not found
[2025-11-29 12:26:24] [ERROR] Google Auth is not properly configured
[2025-11-29 12:26:24] [ERROR] Cannot initialize Google Auth: credentials not found
[2025-11-29 12:26:24] [ERROR] Google Auth is not properly configured
[2025-11-29 12:28:25] [ERROR] Cannot initialize Google Auth: credentials not found
[2025-11-29 12:28:25] [ERROR] Google Auth is not properly configured
[2025-11-29 12:28:25] [ERROR] Cannot initialize Google Auth: credentials not found
[2025-11-29 12:28:25] [ERROR] Google Auth is not properly configured
